Build started 29.07.2021 14:40:00.
     1>Project "C:\Users\Yerkebulan Laptop\Desktop\Modding\GRAI\src\utils\captioncompiler\captioncompiler.vcxproj" on node 2 (Rebuild target(s)).
     1>PreBuildEvent:
         if EXIST ..\..\..\game\bin\.\captioncompiler.exe for /f "delims=" %%A in ('attrib "..\..\..\game\bin\.\captioncompiler.exe"') do set valveTmpIsReadOnly="%%A"
         set valveTmpIsReadOnlyLetter=%valveTmpIsReadOnly:~6,1%
         if "%valveTmpIsReadOnlyLetter%"=="R" del /q "C:\Users\Yerkebulan Laptop\Desktop\Modding\GRAI\src\utils\captioncompiler\Release\"captioncompiler.exe
         if exist "..\..\devtools\bin\vpc.exe" "..\..\devtools\bin\vpc.exe" -crc2 "captioncompiler.vcxproj"
         if ERRORLEVEL 1 exit /b 1
         
         :VCEnd
       CustomBuild:
         Compiling pointeroverride.asm
          Assembling: C:\Users\Yerkebulan Laptop\Desktop\Modding\GRAI\src\public\tier0\pointeroverride.asm
         Microsoft (R) Macro Assembler Version 12.00.40629.0
         Copyright (C) Microsoft Corporation.  All rights reserved.
         
         Running VPC CRC Check - captioncompiler.vpc
         Access is denied.
       ClCompile:
         C:\Program Files (x86)\Microsoft Visual Studio 12.0\VC\bin\CL.exe /c /I..\..\common /I..\..\public /I..\..\public\tier0 /I..\..\public\tier1 /I..\common /I..\..\game\shared /I.\ /Zi /nologo /W4 /WX /MP /O2 /Ob2 /Oi /Ot /Oy- /D VPC /D RAD_TELEMETRY_DISABLED /D WIN32 /D _WIN32 /D NDEBUG /D _WINDOWS /D _CRT_SECURE_NO_DEPRECATE /D _CRT_NONSTDC_NO_DEPRECATE /D _ALLOW_RUNTIME_LIBRARY_MISMATCH /D _ALLOW_ITERATOR_DEBUG_LEVEL_MISMATCH /D _ALLOW_MSC_VER_MISMATCH /D _USING_V110_SDK71_ /D _MBCS /D COMPILER_MSVC32 /D COMPILER_MSVC32 /D COMPILER_MSVC /D EXENAME=captioncompiler /D _DLL_EXT=.dll /D DEV_BUILD /D FRAME_POINTER_OMISSION_DISABLED /D captioncompiler /D _EXTERNAL_DLL_EXT=.dll /D VPCGAMECAPS=VALVE /D "PROJECTDIR=C:\Users\Yerkebulan Laptop\Desktop\Modding\GRAI\src\utils\captioncompiler" /D _DLL_EXT=.dll /D VPCGAME=valve /D SOURCE1=1 /GF /Gm- /MT /GS /Gy /arch:SSE /fp:fast /Zc:wchar_t /Zc:forScope /GR /openmp- /Fo".\Release\.\/" /Fd".\Release\.\/vc120.pdb" /Gd /TP /wd4316 /analyze- /FC /errorReport:prompt  /d2Zi+ /Gw ..\common\cmdlib.cpp ..\..\public\filesystem_helpers.cpp ..\..\public\filesystem_init.cpp ..\common\pacifier.cpp ..\common\scriplib.cpp ..\..\public\stringregistry.cpp captioncompiler.cpp ..\..\common\compiledcaptionswap.cpp ..\common\filesystem_tools.cpp ..\..\public\tier0\memoverride.cpp
         cmdlib.cpp
         filesystem_helpers.cpp
         filesystem_init.cpp
         pacifier.cpp
         scriplib.cpp
         stringregistry.cpp
         captioncompiler.cpp
         compiledcaptionswap.cpp
         filesystem_tools.cpp
         memoverride.cpp
       Link:
         C:\Program Files (x86)\Microsoft Visual Studio 12.0\VC\bin\link.exe /ERRORREPORT:PROMPT /OUT:".\Release\.\\captioncompiler.exe" /INCREMENTAL:NO /NOLOGO shell32.lib user32.lib advapi32.lib gdi32.lib comdlg32.lib ole32.lib /NODEFAULTLIB:libc /NODEFAULTLIB:libcd /NODEFAULTLIB:libcmtd /MANIFEST /MANIFESTUAC:"level='asInvoker' uiAccess='false'" /manifest:embed /DEBUG /PDB:".\Release\.\/captioncompiler.pdb" /SUBSYSTEM:CONSOLE,"5.01" /OPT:REF /OPT:NOICF /TLBID:1 /DYNAMICBASE:NO /NXCOMPAT /IMPLIB:".\Release\.\captioncompiler.lib" /MACHINE:X86 /SAFESEH:NO /NXCOMPAT /ignore:4221 .\Release\.\\pointeroverride.obj
         .\Release\.\/cmdlib.obj
         .\Release\.\/filesystem_helpers.obj
         .\Release\.\/filesystem_init.obj
         .\Release\.\/pacifier.obj
         .\Release\.\/scriplib.obj
         .\Release\.\/stringregistry.obj
         .\Release\.\/captioncompiler.obj
         .\Release\.\/compiledcaptionswap.obj
         .\Release\.\/filesystem_tools.obj
         .\Release\.\/memoverride.obj
         ..\..\lib\public\appframework.lib
         ..\..\lib\public\mathlib.lib
         ..\..\lib\public\tier0.lib
         ..\..\lib\public\tier1.lib
         ..\..\lib\public\tier2.lib
         ..\..\lib\public\tier3.lib
         ..\..\lib\public\vstdlib.lib
            Creating library .\Release\.\captioncompiler.lib and object .\Release\.\captioncompiler.exp
         captioncompiler.vcxproj -> C:\Users\Yerkebulan Laptop\Desktop\Modding\GRAI\src\utils\captioncompiler\.\Release\.\captioncompiler.exe
       PostBuildEvent:
         copy "C:\Users\Yerkebulan Laptop\Desktop\Modding\GRAI\src\utils\captioncompiler\Release\"captioncompiler.exe ..\..\..\game\bin\.\captioncompiler.exe >nul
         if ERRORLEVEL 1 goto BuildEventFailed
         if exist "C:\Users\Yerkebulan Laptop\Desktop\Modding\GRAI\src\utils\captioncompiler\Release\"captioncompiler.map copy "C:\Users\Yerkebulan Laptop\Desktop\Modding\GRAI\src\utils\captioncompiler\Release\"captioncompiler.map ..\..\..\game\bin\.\captioncompiler.map >nul
         copy "C:\Users\Yerkebulan Laptop\Desktop\Modding\GRAI\src\utils\captioncompiler\Release\"captioncompiler.pdb ..\..\..\game\bin\.\captioncompiler.pdb >nul
         if ERRORLEVEL 1 goto BuildEventFailed
         goto BuildEventOK
         :BuildEventFailed
         echo *** ERROR! PostBuildStep FAILED for Captioncompiler! EXE or DLL is probably running. ***
         del /q "C:\Users\Yerkebulan Laptop\Desktop\Modding\GRAI\src\utils\captioncompiler\Release\"captioncompiler.exe
         exit 1
         :BuildEventOK
         
         :VCEnd
         The system cannot find the path specified.
         *** ERROR! PostBuildStep FAILED for Captioncompiler! EXE or DLL is probably running. ***
     1>C:\Program Files (x86)\MSBuild\Microsoft.Cpp\v4.0\V120\Microsoft.CppCommon.targets(132,5): error MSB3073: The command "copy "C:\Users\Yerkebulan Laptop\Desktop\Modding\GRAI\src\utils\captioncompiler\Release\"captioncompiler.exe ..\..\..\game\bin\.\captioncompiler.exe >nul
C:\Program Files (x86)\MSBuild\Microsoft.Cpp\v4.0\V120\Microsoft.CppCommon.targets(132,5): error MSB3073: if ERRORLEVEL 1 goto BuildEventFailed
C:\Program Files (x86)\MSBuild\Microsoft.Cpp\v4.0\V120\Microsoft.CppCommon.targets(132,5): error MSB3073: if exist "C:\Users\Yerkebulan Laptop\Desktop\Modding\GRAI\src\utils\captioncompiler\Release\"captioncompiler.map copy "C:\Users\Yerkebulan Laptop\Desktop\Modding\GRAI\src\utils\captioncompiler\Release\"captioncompiler.map ..\..\..\game\bin\.\captioncompiler.map >nul
C:\Program Files (x86)\MSBuild\Microsoft.Cpp\v4.0\V120\Microsoft.CppCommon.targets(132,5): error MSB3073: copy "C:\Users\Yerkebulan Laptop\Desktop\Modding\GRAI\src\utils\captioncompiler\Release\"captioncompiler.pdb ..\..\..\game\bin\.\captioncompiler.pdb >nul
C:\Program Files (x86)\MSBuild\Microsoft.Cpp\v4.0\V120\Microsoft.CppCommon.targets(132,5): error MSB3073: if ERRORLEVEL 1 goto BuildEventFailed
C:\Program Files (x86)\MSBuild\Microsoft.Cpp\v4.0\V120\Microsoft.CppCommon.targets(132,5): error MSB3073: goto BuildEventOK
C:\Program Files (x86)\MSBuild\Microsoft.Cpp\v4.0\V120\Microsoft.CppCommon.targets(132,5): error MSB3073: :BuildEventFailed
C:\Program Files (x86)\MSBuild\Microsoft.Cpp\v4.0\V120\Microsoft.CppCommon.targets(132,5): error MSB3073: echo *** ERROR! PostBuildStep FAILED for Captioncompiler! EXE or DLL is probably running. ***
C:\Program Files (x86)\MSBuild\Microsoft.Cpp\v4.0\V120\Microsoft.CppCommon.targets(132,5): error MSB3073: del /q "C:\Users\Yerkebulan Laptop\Desktop\Modding\GRAI\src\utils\captioncompiler\Release\"captioncompiler.exe
C:\Program Files (x86)\MSBuild\Microsoft.Cpp\v4.0\V120\Microsoft.CppCommon.targets(132,5): error MSB3073: exit 1
C:\Program Files (x86)\MSBuild\Microsoft.Cpp\v4.0\V120\Microsoft.CppCommon.targets(132,5): error MSB3073: :BuildEventOK
C:\Program Files (x86)\MSBuild\Microsoft.Cpp\v4.0\V120\Microsoft.CppCommon.targets(132,5): error MSB3073: 
C:\Program Files (x86)\MSBuild\Microsoft.Cpp\v4.0\V120\Microsoft.CppCommon.targets(132,5): error MSB3073: :VCEnd" exited with code 1.
     1>Done Building Project "C:\Users\Yerkebulan Laptop\Desktop\Modding\GRAI\src\utils\captioncompiler\captioncompiler.vcxproj" (Rebuild target(s)) -- FAILED.

Build FAILED.

Time Elapsed 00:00:17.74
